module_hotspr/build/outputs/logs/manifest-merger-debug-report.txt
-- Merging decision tree log ---
manifest
ADDED from src/main/AndroidManifest.xml:1:1-150:12
INJECTED from src/main/AndroidManifest.xml:1:1-150:12
INJECTED from src/main/AndroidManifest.xml:1:1-150:12
INJECTED from src/main/AndroidManifest.xml:1:1-150:12
INJECTED from src/main/AndroidManifest.xml:1:1-150:12
INJECTED from src/main/AndroidManifest.xml:1:1-150:12
INJECTED from src/main/AndroidManifest.xml:1:1-150:12
	package
		ADDED from src/main/AndroidManifest.xml:2:5-25
		INJECTED from src/main/AndroidManifest.xml
		INJECTED from src/main/AndroidManifest.xml
	android:versionName
		INJECTED from src/main/AndroidManifest.xml
		ADDED from src/main/AndroidManifest.xml:1:1-150:12
		INJECTED from src/main/AndroidManifest.xml
	android:versionCode
		INJECTED from src/main/AndroidManifest.xml
		ADDED from src/main/AndroidManifest.xml:1:1-150:12
		INJECTED from src/main/AndroidManifest.xml
	xmlns:android
		ADDED from src/main/AndroidManifest.xml:1:11-69
uses-permission#android.permission.INTERNET
ADDED from src/main/AndroidManifest.xml:4:5-66
	android:name
		ADDED from src/main/AndroidManifest.xml:4:22-64
uses-permission#android.permission.READ_EXTERNAL_STORAGE
ADDED from src/main/AndroidManifest.xml:5:5-80
	android:name
		ADDED from src/main/AndroidManifest.xml:5:22-77
uses-permission#android.permission.WRITE_EXTERNAL_STORAGE
ADDED from src/main/AndroidManifest.xml:6:5-81
	android:name
		ADDED from src/main/AndroidManifest.xml:6:22-78
uses-permission#android.permission.CAMERA
ADDED from src/main/AndroidManifest.xml:7:5-65
	android:name
		ADDED from src/main/AndroidManifest.xml:7:22-62
application
ADDED from src/main/AndroidManifest.xml:9:5-148:19
	android:supportsRtl
		ADDED from src/main/AndroidManifest.xml:15:9-35
	android:label
		ADDED from src/main/AndroidManifest.xml:13:9-41
	android:roundIcon
		ADDED from src/main/AndroidManifest.xml:14:9-54
	android:icon
		ADDED from src/main/AndroidManifest.xml:12:9-43
	android:allowBackup
		ADDED from src/main/AndroidManifest.xml:11:9-35
	android:theme
		ADDED from src/main/AndroidManifest.xml:16:9-40
	android:name
		ADDED from src/main/AndroidManifest.xml:10:9-51
provider#android.support.v4.content.FileProvider
ADDED from src/main/AndroidManifest.xml:18:9-26:20
	android:grantUriPermissions
		ADDED from src/main/AndroidManifest.xml:22:13-47
	android:authorities
		ADDED from src/main/AndroidManifest.xml:20:13-58
	android:exported
		ADDED from src/main/AndroidManifest.xml:21:13-37
	android:name
		ADDED from src/main/AndroidManifest.xml:19:13-67
meta-data#android.support.FILE_PROVIDER_PATHS
ADDED from src/main/AndroidManifest.xml:23:13-25:53
	android:resource
		ADDED from src/main/AndroidManifest.xml:25:17-50
	android:name
		ADDED from src/main/AndroidManifest.xml:24:17-67
activity#com.hotspr.ui.activity.LoginActivity
ADDED from src/main/AndroidManifest.xml:29:9-37:20
	android:screenOrientation
		ADDED from src/main/AndroidManifest.xml:32:13-49
	android:theme
		ADDED from src/main/AndroidManifest.xml:31:13-63
	android:name
		ADDED from src/main/AndroidManifest.xml:30:13-64
intent-filter#action:name:android.intent.action.MAIN+category:name:android.intent.category.LAUNCHER
ADDED from src/main/AndroidManifest.xml:33:13-36:29
action#android.intent.action.MAIN
ADDED from src/main/AndroidManifest.xml:34:17-76
	android:name
		ADDED from src/main/AndroidManifest.xml:34:25-66
category#android.intent.category.LAUNCHER
ADDED from src/main/AndroidManifest.xml:35:17-86
	android:name
		ADDED from src/main/AndroidManifest.xml:35:27-74
activity#com.hotspr.ui.activity.UserRightsActivity
ADDED from src/main/AndroidManifest.xml:40:9-44:20
	android:screenOrientation
		ADDED from src/main/AndroidManifest.xml:43:13-49
	android:theme
		ADDED from src/main/AndroidManifest.xml:42:13-63
	android:name
		ADDED from src/main/AndroidManifest.xml:41:13-69
activity#com.hotspr.ui.activity.WardRoundListInfoActivity
ADDED from src/main/AndroidManifest.xml:47:9-51:20
	android:screenOrientation
		ADDED from src/main/AndroidManifest.xml:50:13-49
	android:theme
		ADDED from src/main/AndroidManifest.xml:49:13-63
	android:name
		ADDED from src/main/AndroidManifest.xml:48:13-76
activity#com.hotspr.ui.activity.ArrangeCleanListInfoActivity
ADDED from src/main/AndroidManifest.xml:54:9-58:20
	android:screenOrientation
		ADDED from src/main/AndroidManifest.xml:57:13-49
	android:theme
		ADDED from src/main/AndroidManifest.xml:56:13-63
	android:name
		ADDED from src/main/AndroidManifest.xml:55:13-79
activity#com.hotspr.ui.activity.WardRoundActivity
ADDED from src/main/AndroidManifest.xml:61:9-65:20
	android:screenOrientation
		ADDED from src/main/AndroidManifest.xml:64:13-49
	android:theme
		ADDED from src/main/AndroidManifest.xml:63:13-63
	android:name
		ADDED from src/main/AndroidManifest.xml:62:13-68
activity#com.hotspr.ui.activity.ArrangeCleaningActivity
ADDED from src/main/AndroidManifest.xml:68:9-72:20
	android:screenOrientation
		ADDED from src/main/AndroidManifest.xml:71:13-49
	android:theme
		ADDED from src/main/AndroidManifest.xml:70:13-63
	android:name
		ADDED from src/main/AndroidManifest.xml:69:13-74
activity#com.hotspr.ui.activity.CleanRoomListIfnoActivity
ADDED from src/main/AndroidManifest.xml:75:9-79:20
	android:screenOrientation
		ADDED from src/main/AndroidManifest.xml:78:13-49
	android:theme
		ADDED from src/main/AndroidManifest.xml:77:13-63
	android:name
		ADDED from src/main/AndroidManifest.xml:76:13-76
activity#com.hotspr.ui.activity.UnqualifiedActivity
ADDED from src/main/AndroidManifest.xml:82:9-86:20
	android:screenOrientation
		ADDED from src/main/AndroidManifest.xml:85:13-49
	android:theme
		ADDED from src/main/AndroidManifest.xml:84:13-63
	android:name
		ADDED from src/main/AndroidManifest.xml:83:13-70
activity#com.hotspr.ui.activity.BaggageRegistrationActivity
ADDED from src/main/AndroidManifest.xml:89:9-93:20
	android:screenOrientation
		ADDED from src/main/AndroidManifest.xml:92:13-49
	android:theme
		ADDED from src/main/AndroidManifest.xml:91:13-63
	android:name
		ADDED from src/main/AndroidManifest.xml:90:13-78
activity#com.hotspr.ui.activity.BaggageUploadDataActvitiy
ADDED from src/main/AndroidManifest.xml:96:9-100:20
	android:screenOrientation
		ADDED from src/main/AndroidManifest.xml:99:13-49
	android:theme
		ADDED from src/main/AndroidManifest.xml:98:13-63
	android:name
		ADDED from src/main/AndroidManifest.xml:97:13-76
activity#com.hotspr.ui.activity.BaggageFindActivity
ADDED from src/main/AndroidManifest.xml:103:9-107:20
	android:screenOrientation
		ADDED from src/main/AndroidManifest.xml:106:13-49
	android:theme
		ADDED from src/main/AndroidManifest.xml:105:13-63
	android:name
		ADDED from src/main/AndroidManifest.xml:104:13-70
activity#com.hotspr.ui.activity.BaggageFindDataActvitiy
ADDED from src/main/AndroidManifest.xml:109:9-113:20
	android:screenOrientation
		ADDED from src/main/AndroidManifest.xml:112:13-49
	android:theme
		ADDED from src/main/AndroidManifest.xml:111:13-63
	android:name
		ADDED from src/main/AndroidManifest.xml:110:13-74
activity#com.restaurant.ui.activity.DeskNumberActivity
ADDED from src/main/AndroidManifest.xml:115:9-119:20
	android:screenOrientation
		ADDED from src/main/AndroidManifest.xml:118:13-49
	android:theme
		ADDED from src/main/AndroidManifest.xml:117:13-63
	android:name
		ADDED from src/main/AndroidManifest.xml:116:13-73
activity#com.restaurant.ui.activity.ColourNameListActivtiy
ADDED from src/main/AndroidManifest.xml:122:9-126:20
	android:screenOrientation
		ADDED from src/main/AndroidManifest.xml:125:13-49
	android:theme
		ADDED from src/main/AndroidManifest.xml:124:13-63
	android:name
		ADDED from src/main/AndroidManifest.xml:123:13-77
activity#com.restaurant.ui.activity.OrderActivity
ADDED from src/main/AndroidManifest.xml:129:9-133:20
	android:screenOrientation
		ADDED from src/main/AndroidManifest.xml:132:13-49
	android:theme
		ADDED from src/main/AndroidManifest.xml:131:13-63
	android:name
		ADDED from src/main/AndroidManifest.xml:130:13-68
activity#com.restaurant.ui.activity.OrderEndPrintingActivity
ADDED from src/main/AndroidManifest.xml:136:9-140:20
	android:screenOrientation
		ADDED from src/main/AndroidManifest.xml:139:13-49
	android:theme
		ADDED from src/main/AndroidManifest.xml:138:13-63
	android:name
		ADDED from src/main/AndroidManifest.xml:137:13-79
uses-sdk
INJECTED from src/main/AndroidManifest.xml reason: use-sdk injection requested
INJECTED from src/main/AndroidManifest.xml
INJECTED from src/main/AndroidManifest.xml
INJECTED from src/main/AndroidManifest.xml
INJECTED from src/main/AndroidManifest.xml
	android:targetSdkVersion
		INJECTED from src/main/AndroidManifest.xml
		ADDED from src/main/AndroidManifest.xml
		INJECTED from src/main/AndroidManifest.xml
	android:minSdkVersion
		INJECTED from src/main/AndroidManifest.xml
		ADDED from src/main/AndroidManifest.xml
		INJECTED from src/main/AndroidManifest.xml